0 info it worked if it ends with ok
1 verbose cli [ 'C:\\Program Files\\nodejs\\node.exe',
1 verbose cli   'C:\\Program Files\\nodejs\\node_modules\\npm\\bin\\npm-cli.js',
1 verbose cli   'install',
1 verbose cli   'bootstrap@3' ]
2 info using npm@3.10.10
3 info using node@v6.11.3
4 silly loadCurrentTree Starting
5 silly install loadCurrentTree
6 silly install readLocalPackageData
7 silly fetchPackageMetaData bootstrap@3
8 silly fetchNamedPackageData bootstrap
9 silly mapToRegistry name bootstrap
10 silly mapToRegistry using default registry
11 silly mapToRegistry registry https://registry.npmjs.org/
12 silly mapToRegistry data Result {
12 silly mapToRegistry   raw: 'bootstrap',
12 silly mapToRegistry   scope: null,
12 silly mapToRegistry   escapedName: 'bootstrap',
12 silly mapToRegistry   name: 'bootstrap',
12 silly mapToRegistry   rawSpec: '',
12 silly mapToRegistry   spec: 'latest',
12 silly mapToRegistry   type: 'tag' }
13 silly mapToRegistry uri https://registry.npmjs.org/bootstrap
14 verbose request uri https://registry.npmjs.org/bootstrap
15 verbose request no auth needed
16 info attempt registry request try #1 at 10:28:32
17 verbose request id 9b37a18749f8dee0
18 http request GET https://registry.npmjs.org/bootstrap
19 http 200 https://registry.npmjs.org/bootstrap
20 verbose headers { server: 'nginx/1.10.1',
20 verbose headers   'content-type': 'application/json',
20 verbose headers   'last-modified': 'Sat, 23 Sep 2017 20:26:53 GMT',
20 verbose headers   etag: 'W/"59c6c38d-e350"',
20 verbose headers   'content-encoding': 'gzip',
20 verbose headers   'cache-control': 'max-age=300',
20 verbose headers   'content-length': '11556',
20 verbose headers   'accept-ranges': 'bytes',
20 verbose headers   date: 'Tue, 26 Sep 2017 02:30:03 GMT',
20 verbose headers   via: '1.1 varnish',
20 verbose headers   age: '61',
20 verbose headers   connection: 'keep-alive',
20 verbose headers   'x-served-by': 'cache-nrt6120-NRT',
20 verbose headers   'x-cache': 'HIT',
20 verbose headers   'x-cache-hits': '1',
20 verbose headers   'x-timer': 'S1506393004.601691,VS0,VE0',
20 verbose headers   vary: 'Accept-Encoding, Accept' }
21 silly get cb [ 200,
21 silly get   { server: 'nginx/1.10.1',
21 silly get     'content-type': 'application/json',
21 silly get     'last-modified': 'Sat, 23 Sep 2017 20:26:53 GMT',
21 silly get     etag: 'W/"59c6c38d-e350"',
21 silly get     'content-encoding': 'gzip',
21 silly get     'cache-control': 'max-age=300',
21 silly get     'content-length': '11556',
21 silly get     'accept-ranges': 'bytes',
21 silly get     date: 'Tue, 26 Sep 2017 02:30:03 GMT',
21 silly get     via: '1.1 varnish',
21 silly get     age: '61',
21 silly get     connection: 'keep-alive',
21 silly get     'x-served-by': 'cache-nrt6120-NRT',
21 silly get     'x-cache': 'HIT',
21 silly get     'x-cache-hits': '1',
21 silly get     'x-timer': 'S1506393004.601691,VS0,VE0',
21 silly get     vary: 'Accept-Encoding, Accept' } ]
22 verbose get saving bootstrap to C:\Program Files\nodejs\node_cache\registry.npmjs.org\bootstrap\.cache.json
23 verbose correctMkdir C:\Program Files\nodejs\node_cache correctMkdir not in flight; initializing
24 silly install normalizeTree
25 silly loadCurrentTree Finishing
26 silly loadIdealTree Starting
27 silly install loadIdealTree
28 silly cloneCurrentTree Starting
29 silly install cloneCurrentTreeToIdealTree
30 silly cloneCurrentTree Finishing
31 silly loadShrinkwrap Starting
32 silly install loadShrinkwrap
33 silly loadShrinkwrap Finishing
34 silly loadAllDepsIntoIdealTree Starting
35 silly install loadAllDepsIntoIdealTree
36 silly resolveWithNewModule bootstrap@3.3.7 checking installable status
37 silly cache add args [ 'bootstrap@3', null ]
38 verbose cache add spec bootstrap@3
39 silly cache add parsed spec Result {
39 silly cache add   raw: 'bootstrap@3',
39 silly cache add   scope: null,
39 silly cache add   escapedName: 'bootstrap',
39 silly cache add   name: 'bootstrap',
39 silly cache add   rawSpec: '3',
39 silly cache add   spec: '>=3.0.0 <4.0.0',
39 silly cache add   type: 'range' }
40 silly addNamed bootstrap@>=3.0.0 <4.0.0
41 verbose addNamed ">=3.0.0 <4.0.0" is a valid semver range for bootstrap
42 silly addNameRange { name: 'bootstrap', range: '>=3.0.0 <4.0.0', hasData: false }
43 silly mapToRegistry name bootstrap
44 silly mapToRegistry using default registry
45 silly mapToRegistry registry https://registry.npmjs.org/
46 silly mapToRegistry data Result {
46 silly mapToRegistry   raw: 'bootstrap',
46 silly mapToRegistry   scope: null,
46 silly mapToRegistry   escapedName: 'bootstrap',
46 silly mapToRegistry   name: 'bootstrap',
46 silly mapToRegistry   rawSpec: '',
46 silly mapToRegistry   spec: 'latest',
46 silly mapToRegistry   type: 'tag' }
47 silly mapToRegistry uri https://registry.npmjs.org/bootstrap
48 verbose addNameRange registry:https://registry.npmjs.org/bootstrap not in flight; fetching
49 verbose get https://registry.npmjs.org/bootstrap not expired, no request
50 silly addNameRange number 2 { name: 'bootstrap', range: '>=3.0.0 <4.0.0', hasData: true }
51 silly addNameRange versions [ 'bootstrap',
51 silly addNameRange   [ '0.0.1',
51 silly addNameRange     '0.0.2',
51 silly addNameRange     '3.1.1',
51 silly addNameRange     '3.2.0',
51 silly addNameRange     '3.3.0',
51 silly addNameRange     '3.3.1',
51 silly addNameRange     '3.3.2',
51 silly addNameRange     '3.3.4',
51 silly addNameRange     '3.3.5',
51 silly addNameRange     '3.3.6',
51 silly addNameRange     '4.0.0-alpha.2',
51 silly addNameRange     '3.3.7',
51 silly addNameRange     '4.0.0-alpha.3',
51 silly addNameRange     '4.0.0-alpha.4',
51 silly addNameRange     '4.0.0-alpha.5',
51 silly addNameRange     '4.0.0-alpha.6',
51 silly addNameRange     '4.0.0-beta' ] ]
52 silly addNamed bootstrap@3.3.7
53 verbose addNamed "3.3.7" is a plain semver version for bootstrap
54 silly mapToRegistry name bootstrap
55 silly mapToRegistry using default registry
56 silly mapToRegistry registry https://registry.npmjs.org/
57 silly mapToRegistry data Result {
57 silly mapToRegistry   raw: 'bootstrap',
57 silly mapToRegistry   scope: null,
57 silly mapToRegistry   escapedName: 'bootstrap',
57 silly mapToRegistry   name: 'bootstrap',
57 silly mapToRegistry   rawSpec: '',
57 silly mapToRegistry   spec: 'latest',
57 silly mapToRegistry   type: 'tag' }
58 silly mapToRegistry uri https://registry.npmjs.org/bootstrap
59 verbose addRemoteTarball https://registry.npmjs.org/bootstrap/-/bootstrap-3.3.7.tgz not in flight; adding
60 verbose addRemoteTarball [ 'https://registry.npmjs.org/bootstrap/-/bootstrap-3.3.7.tgz',
60 verbose addRemoteTarball   '5a389394549f23330875a3b150656574f8a9eb71' ]
61 info retry fetch attempt 1 at 10:28:52
62 info attempt registry request try #1 at 10:28:52
63 http fetch GET https://registry.npmjs.org/bootstrap/-/bootstrap-3.3.7.tgz
64 http fetch 200 https://registry.npmjs.org/bootstrap/-/bootstrap-3.3.7.tgz
65 verbose stack Error: kill ENOSYS
65 verbose stack     at exports._errnoException (util.js:1020:11)
65 verbose stack     at process.kill (internal/process.js:190:13)
65 verbose stack     at process.listener (C:\Program Files\nodejs\node_modules\npm\node_modules\npmlog\node_modules\gauge\node_modules\signal-exit\index.js:86:15)
65 verbose stack     at emitNone (events.js:91:20)
65 verbose stack     at process.emit (events.js:185:7)
65 verbose stack     at processEmit (C:\Program Files\nodejs\node_modules\npm\node_modules\npmlog\node_modules\gauge\node_modules\signal-exit\index.js:146:32)
65 verbose stack     at processEmit (C:\Program Files\nodejs\node_modules\npm\node_modules\npm-registry-client\node_modules\npmlog\node_modules\gauge\node_modules\signal-exit\index.js:146:32)
65 verbose stack     at Signal.wrap.onsignal (internal/process.js:217:44)
66 verbose cwd C:\Users\lingge\Desktop\爱咋整
67 error Windows_NT 10.0.14393
68 error argv "C:\\Program Files\\nodejs\\node.exe" "C:\\Program Files\\nodejs\\node_modules\\npm\\bin\\npm-cli.js" "install" "bootstrap@3"
69 error node v6.11.3
70 error npm  v3.10.10
71 error code ENOSYS
72 error errno ENOSYS
73 error syscall kill
74 error kill ENOSYS
75 error If you need help, you may report this error at:
75 error     <https://github.com/npm/npm/issues>
76 verbose exit [ 1, true ]
